<?xml version="1.0" encoding="UTF-8"?>
<!-- Generated by org.testng.reporters.JUnitReportReporter -->
<testsuite hostname="DESKTOP-CM64HAN" failures="0" tests="4" name="api.test.Usermodel_Test" time="9.168" errors="0" timestamp="2023-06-14T16:56:54 IST" skipped="0">
  <testcase classname="api.test.Usermodel_Test" name="testCreateUser" time="3.915"/>
  <system-out/>
  <testcase classname="api.test.Usermodel_Test" name="testGetUser" time="1.305"/>
  <system-out/>
  <testcase classname="api.test.Usermodel_Test" name="testUpdatUser" time="2.661"/>
  <system-out/>
  <testcase classname="api.test.Usermodel_Test" name="testDeleteUser" time="1.287"/>
  <system-out/>
</testsuite> <!-- api.test.Usermodel_Test -->
