<?xml version="1.0" encoding="UTF-8"?>
<!-- Generated by org.testng.reporters.JUnitReportReporter -->
<testsuite hostname="DESKTOP-CM64HAN" failures="0" tests="9" name="api.test.Usermodel_datadriven" time="13.836" errors="0" timestamp="2023-06-14T14:39:52 IST" skipped="0">
  <testcase classname="api.test.Usermodel_datadriven" name="testCreateUser" time="1.276"/>
  <system-out/>
  <testcase classname="api.test.Usermodel_datadriven" name="testCreateUser" time="1.352"/>
  <system-out/>
  <testcase classname="api.test.Usermodel_datadriven" name="testCreateUser" time="3.398"/>
  <system-out/>
  <testcase classname="api.test.Usermodel_datadriven" name="testGetUser" time="1.258"/>
  <system-out/>
  <testcase classname="api.test.Usermodel_datadriven" name="testGetUser" time="1.311"/>
  <system-out/>
  <testcase classname="api.test.Usermodel_datadriven" name="testGetUser" time="1.330"/>
  <system-out/>
  <testcase classname="api.test.Usermodel_datadriven" name="testDeleteUser" time="1.276"/>
  <system-out/>
  <testcase classname="api.test.Usermodel_datadriven" name="testDeleteUser" time="1.346"/>
  <system-out/>
  <testcase classname="api.test.Usermodel_datadriven" name="testDeleteUser" time="1.289"/>
  <system-out/>
</testsuite> <!-- api.test.Usermodel_datadriven -->
