<?xml version="1.0" encoding="UTF-8"?>
<!-- Generated by org.testng.reporters.JUnitReportReporter -->
<testsuite hostname="DESKTOP-CM64HAN" failures="0" tests="4" name="api.test.Url_Usermodeltest" time="7.693" errors="0" timestamp="2023-06-15T15:31:19 IST" skipped="0">
  <testcase classname="api.test.Url_Usermodeltest" name="testCreateUser" time="2.914"/>
  <system-out/>
  <testcase classname="api.test.Url_Usermodeltest" name="testGetUser" time="1.238"/>
  <system-out/>
  <testcase classname="api.test.Url_Usermodeltest" name="testUpdatUser" time="2.387"/>
  <system-out/>
  <testcase classname="api.test.Url_Usermodeltest" name="testDeleteUser" time="1.154"/>
  <system-out/>
</testsuite> <!-- api.test.Url_Usermodeltest -->
