<?xml version="1.0" encoding="UTF-8"?>
<!-- Generated by org.testng.reporters.JUnitReportReporter -->
<testsuite hostname="DESKTOP-CM64HAN" failures="0" tests="4" name="api.test.Usermodel_Test" time="11.848" errors="0" timestamp="2023-06-15T17:48:36 IST" skipped="0">
  <testcase classname="api.test.Usermodel_Test" name="testCreateUser" time="5.980"/>
  <testcase classname="api.test.Usermodel_Test" name="testGetUser" time="2.020"/>
  <testcase classname="api.test.Usermodel_Test" name="testUpdatUser" time="2.587"/>
  <testcase classname="api.test.Usermodel_Test" name="testDeleteUser" time="1.261"/>
</testsuite> <!-- api.test.Usermodel_Test -->
