<?xml version="1.0" encoding="UTF-8"?>
<!-- Generated by org.testng.reporters.JUnitReportReporter -->
<testsuite hostname="DESKTOP-CM64HAN" failures="0" tests="4" name="api.test.Usermodel_Test" time="7.515" errors="0" timestamp="2023-06-15T15:52:28 IST" skipped="0">
  <testcase classname="api.test.Usermodel_Test" name="testCreateUser" time="2.822"/>
  <testcase classname="api.test.Usermodel_Test" name="testGetUser" time="1.212"/>
  <testcase classname="api.test.Usermodel_Test" name="testUpdatUser" time="2.369"/>
  <testcase classname="api.test.Usermodel_Test" name="testDeleteUser" time="1.112"/>
</testsuite> <!-- api.test.Usermodel_Test -->
