<?xml version="1.0" encoding="UTF-8"?>
<!-- Generated by org.testng.reporters.JUnitReportReporter -->
<testsuite hostname="DESKTOP-CM64HAN" failures="0" tests="4" name="api.test.Usermodel_Test" time="14.292" errors="0" timestamp="2023-06-15T21:15:00 IST" skipped="0">
  <testcase classname="api.test.Usermodel_Test" name="testCreateUser" time="9.001"/>
  <testcase classname="api.test.Usermodel_Test" name="testGetUser" time="1.341"/>
  <testcase classname="api.test.Usermodel_Test" name="testUpdatUser" time="2.642"/>
  <testcase classname="api.test.Usermodel_Test" name="testDeleteUser" time="1.308"/>
</testsuite> <!-- api.test.Usermodel_Test -->
