<?xml version="1.0" encoding="UTF-8"?>
<!-- Generated by org.testng.reporters.JUnitReportReporter -->
<testsuite hostname="DESKTOP-CM64HAN" failures="0" tests="4" name="api.test.Usermodel_Test" time="9.053" errors="0" timestamp="2023-06-15T18:10:08 IST" skipped="0">
  <testcase classname="api.test.Usermodel_Test" name="testCreateUser" time="4.301"/>
  <testcase classname="api.test.Usermodel_Test" name="testGetUser" time="1.255"/>
  <testcase classname="api.test.Usermodel_Test" name="testUpdatUser" time="2.350"/>
  <testcase classname="api.test.Usermodel_Test" name="testDeleteUser" time="1.147"/>
</testsuite> <!-- api.test.Usermodel_Test -->
