<?xml version="1.0" encoding="UTF-8"?>
<!-- Generated by org.testng.reporters.JUnitReportReporter -->
<testsuite hostname="DESKTOP-CM64HAN" failures="0" tests="4" name="api.test.Usermodel_Test" time="12.052" errors="0" timestamp="2023-06-15T21:45:09 IST" skipped="0">
  <testcase classname="api.test.Usermodel_Test" name="testCreateUser" time="7.176"/>
  <testcase classname="api.test.Usermodel_Test" name="testGetUser" time="1.187"/>
  <testcase classname="api.test.Usermodel_Test" name="testUpdatUser" time="2.505"/>
  <testcase classname="api.test.Usermodel_Test" name="testDeleteUser" time="1.184"/>
</testsuite> <!-- api.test.Usermodel_Test -->
